<?xml version="1.0" encoding="UTF-8"?>
<testsuite xmlns:xsi="http://www.w3.org/2001/XMLSchema-instance" xsi:noNamespaceSchemaLocation="https://maven.apache.org/surefire/maven-surefire-plugin/xsd/surefire-test-report.xsd" name="me.victor.parlay.service.AnalysisEngineTest" time="0.145" tests="3" errors="0" skipped="0" failures="0">
  <properties>
[...]
</properties>
  <testcase name="should calculate high BTTS probability for high scoring teams" classname="me.victor.parlay.service.AnalysisEngineTest" time="0.128"/>
  <testcase name="should calculate high probability for strong home team" classname="me.victor.parlay.service.AnalysisEngineTest" time="0.001"/>
  <testcase name="should aggregate probabilities from multiple sources" classname="me.victor.parlay.service.AnalysisEngineTest" time="0.005"/>
</testsuite>